<?xml version="1.0" encoding="UTF-8"?>
<!-- Generated by org.testng.reporters.JUnitReportReporter -->
<testsuite skipped="0" hostname="DESKTOP-FJMJABJ" name="Itacademy.Test.SendMailTest" tests="4" failures="0" timestamp="2020-02-01T17:17:12 MSK" time="17.625" errors="0">
  <testcase name="sendMailTest" time="7.793" classname="Itacademy.Test.SendMailTest"/>
  <testcase name="sendMainNoSubjectNoBodyTest" time="4.533" classname="Itacademy.Test.SendMailTest"/>
  <testcase name="sendMailNoAddressTest" time="0.995" classname="Itacademy.Test.SendMailTest"/>
  <testcase name="DraftMailTest" time="4.304" classname="Itacademy.Test.SendMailTest"/>
</testsuite> <!-- Itacademy.Test.SendMailTest -->
