<?xml version="1.0" encoding="UTF-8"?>
<!-- Generated by org.testng.reporters.JUnitReportReporter -->
<testsuite skipped="0" hostname="DESKTOP-FJMJABJ" name="by.academy.it.test.LoginTest" tests="2" failures="0" timestamp="2020-02-05T00:06:47 MSK" time="17.913" errors="0">
  <testcase name="loginToMailTest" time="14.059" classname="by.academy.it.test.LoginTest"/>
  <testcase name="negativeLoginToMailTest" time="3.854" classname="by.academy.it.test.LoginTest"/>
</testsuite> <!-- by.academy.it.test.LoginTest -->
