<?xml version="1.0" encoding="UTF-8"?>
<!-- Generated by org.testng.reporters.JUnitReportReporter -->
<testsuite skipped="0" hostname="DESKTOP-FJMJABJ" name="by.academy.it.test.LoginTest" tests="4" failures="0" timestamp="2020-02-05T00:29:50 MSK" time="33.368" errors="0">
  <testcase name="loginToMailTest" time="12.545" classname="by.academy.it.test.LoginTest"/>
  <testcase name="loginToMailTest" time="12.388" classname="by.academy.it.test.LoginTest"/>
  <testcase name="negativeLoginToMailTest" time="4.163" classname="by.academy.it.test.LoginTest"/>
  <testcase name="negativeLoginToMailTest" time="4.272" classname="by.academy.it.test.LoginTest"/>
</testsuite> <!-- by.academy.it.test.LoginTest -->
