<?xml version="1.0" encoding="UTF-8"?>
<!-- Generated by org.testng.reporters.JUnitReportReporter -->
<testsuite skipped="0" hostname="DESKTOP-FJMJABJ" name="by.academy.it.test.SendMailTest" tests="8" failures="0" timestamp="2020-02-05T00:29:50 MSK" time="33.485" errors="0">
  <testcase name="sendMailTest" time="6.023" classname="by.academy.it.test.SendMailTest"/>
  <testcase name="sendMailTest" time="7.240" classname="by.academy.it.test.SendMailTest"/>
  <testcase name="sendMainNoSubjectNoBodyTest" time="4.314" classname="by.academy.it.test.SendMailTest"/>
  <testcase name="sendMainNoSubjectNoBodyTest" time="4.698" classname="by.academy.it.test.SendMailTest"/>
  <testcase name="sendMailNoAddressTest" time="0.950" classname="by.academy.it.test.SendMailTest"/>
  <testcase name="sendMailNoAddressTest" time="0.913" classname="by.academy.it.test.SendMailTest"/>
  <testcase name="DraftMailTest" time="4.779" classname="by.academy.it.test.SendMailTest"/>
  <testcase name="DraftMailTest" time="4.568" classname="by.academy.it.test.SendMailTest"/>
</testsuite> <!-- by.academy.it.test.SendMailTest -->
