<?xml version="1.0" encoding="UTF-8"?>
<!-- Generated by org.testng.reporters.JUnitReportReporter -->
<testsuite skipped="0" hostname="DESKTOP-FJMJABJ" name="by.academy.it.test.SendMailTest" tests="4" failures="0" timestamp="2020-02-04T23:08:56 MSK" time="17.092" errors="0">
  <testcase name="sendMailTest" time="7.197" classname="by.academy.it.test.SendMailTest"/>
  <testcase name="sendMainNoSubjectNoBodyTest" time="4.657" classname="by.academy.it.test.SendMailTest"/>
  <testcase name="sendMailNoAddressTest" time="0.865" classname="by.academy.it.test.SendMailTest"/>
  <testcase name="DraftMailTest" time="4.373" classname="by.academy.it.test.SendMailTest"/>
</testsuite> <!-- SendMailTest -->
