<?xml version="1.0" encoding="UTF-8"?>
<!-- Generated by org.testng.reporters.JUnitReportReporter -->
<testsuite skipped="0" hostname="DESKTOP-FJMJABJ" name="by.academy.it.test.SendMailTest" tests="4" failures="0" timestamp="2020-02-05T00:06:47 MSK" time="18.347" errors="0">
  <testcase name="sendMailTest" time="8.403" classname="by.academy.it.test.SendMailTest"/>
  <testcase name="sendMainNoSubjectNoBodyTest" time="3.917" classname="by.academy.it.test.SendMailTest"/>
  <testcase name="sendMailNoAddressTest" time="0.941" classname="by.academy.it.test.SendMailTest"/>
  <testcase name="DraftMailTest" time="5.086" classname="by.academy.it.test.SendMailTest"/>
</testsuite> <!-- by.academy.it.test.SendMailTest -->
