<?xml version="1.0" encoding="UTF-8"?>
<!-- Generated by org.testng.reporters.JUnitReportReporter -->
<testsuite skipped="0" hostname="DESKTOP-FJMJABJ" name="by.academy.it.test.LoginTest" tests="2" failures="0" timestamp="2020-02-04T23:08:56 MSK" time="15.566" errors="0">
  <testcase name="loginToMailTest" time="12.560" classname="by.academy.it.test.LoginTest"/>
  <testcase name="negativeLoginToMailTest" time="3.006" classname="by.academy.it.test.LoginTest"/>
</testsuite> <!-- LoginTest -->
