<?xml version="1.0" encoding="UTF-8"?>
<!-- Generated by org.testng.reporters.JUnitReportReporter -->
<testsuite skipped="0" hostname="DESKTOP-FJMJABJ" name="Itacademy.Test.LoginTest" tests="2" failures="0" timestamp="2020-02-01T17:17:12 MSK" time="18.641" errors="0">
  <testcase name="loginToMailTest" time="15.209" classname="Itacademy.Test.LoginTest"/>
  <testcase name="negativeLoginToMailTest" time="3.432" classname="Itacademy.Test.LoginTest"/>
</testsuite> <!-- Itacademy.Test.LoginTest -->
