<?xml version="1.0" encoding="UTF-8"?>
<!-- Generated by org.testng.reporters.JUnitReportReporter -->
<testsuite skipped="0" hostname="DESKTOP-FJMJABJ" name="by.academy.it.test.SendMailTest" tests="1" failures="0" timestamp="2020-01-26T17:06:23 MSK" time="0.006" errors="0">
  <testcase name="loginToMailTest" time="0.006" classname="by.academy.it.test.SendMailTest"/>
</testsuite> <!-- Itacademy.test.SendMailTestilTest -->
